{
  "stats": {
    "suites": 1,
    "tests": 1,
    "passes": 1,
    "pending": 0,
    "failures": 0,
    "start": "2025-01-30T02:34:30.755Z",
    "end": "2025-01-30T02:34:37.147Z",
    "duration": 6392,
    "testsRegistered": 1,
    "passPercent": 100,
    "pendingPercent": 0,
    "other": 0,
    "hasOther": false,
    "skipped": 0,
    "hasSkipped": false
  },
  "results": [
    {
      "uuid": "1646670e-fb24-4c1f-ae4f-7f259816b123",
      "title": "",
      "fullFile": "cypress\\e2e\\login_noexitoso.js",
      "file": "cypress\\e2e\\login_noexitoso.js",
      "beforeHooks": [],
      "afterHooks": [],
      "tests": [],
      "suites": [
        {
          "uuid": "b30f0d54-13a9-4144-a926-2fe7c51a4808",
          "title": "template spec",
          "fullFile": "",
          "file": "",
          "beforeHooks": [],
          "afterHooks": [],
          "tests": [
            {
              "title": "test_no_exitoso",
              "fullTitle": "template spec test_no_exitoso",
              "timedOut": null,
              "duration": 4488,
              "state": "passed",
              "speed": "fast",
              "pass": true,
              "fail": false,
              "pending": false,
              "context": null,
              "code": "/* ==== Generated with Cypress Studio ==== */\ncy.visit('https://v2.psicoalianza.com/');\n/* ==== Generated with Cypress Studio ==== */\ncy.get('#email').clear('112558');\ncy.get('#email').type('112558');\ncy.get('#password').clear('1');\ncy.get('#password').type('123456789$$');\ncy.get('.btn').click();\ncy.get('.alert').should('have.class', 'alert');\ncy.get('.alert').should('have.text', '\\n                Estas credenciales no coinciden con nuestros registros.\\n            ');\ncy.get('#email').clear('14251103');\ncy.get('#email').type('14251103');\ncy.get('#password').clear('1');\ncy.get('#password').type('123');\ncy.get('.btn').click();\n/* ==== End Cypress Studio ==== */",
              "err": {},
              "uuid": "fec36262-76e6-404c-893d-bc1c1299a836",
              "parentUUID": "b30f0d54-13a9-4144-a926-2fe7c51a4808",
              "isHook": false,
              "skipped": false
            }
          ],
          "suites": [],
          "passes": [
            "fec36262-76e6-404c-893d-bc1c1299a836"
          ],
          "failures": [],
          "pending": [],
          "skipped": [],
          "duration": 4488,
          "root": false,
          "rootEmpty": false,
          "_timeout": 2000
        }
      ],
      "passes": [],
      "failures": [],
      "pending": [],
      "skipped": [],
      "duration": 0,
      "root": true,
      "rootEmpty": true,
      "_timeout": 2000
    }
  ],
  "meta": {
    "mocha": {
      "version": "7.0.1"
    },
    "mochawesome": {
      "options": {
        "quiet": false,
        "reportFilename": "mochawesome",
        "saveHtml": true,
        "saveJson": true,
        "consoleReporter": "spec",
        "useInlineDiffs": false,
        "code": true
      },
      "version": "7.1.3"
    },
    "marge": {
      "options": {
        "id": "default",
        "reportDir": "cypress/reports/mochawesome",
        "overwrite": false,
        "html": true,
        "json": true,
        "timestamp": "mmddyyyy_HHMMss"
      },
      "version": "6.2.0"
    }
  }
}