{
  "stats": {
    "suites": 0,
    "tests": 1,
    "passes": 1,
    "pending": 0,
    "failures": 0,
    "start": "2025-01-30T02:34:04.414Z",
    "end": "2025-01-30T02:34:15.700Z",
    "duration": 11286,
    "testsRegistered": 1,
    "passPercent": 100,
    "pendingPercent": 0,
    "other": 0,
    "hasOther": false,
    "skipped": 0,
    "hasSkipped": false
  },
  "results": [
    {
      "uuid": "19a958ae-ebe6-4fc2-ac40-779fc8110497",
      "title": "",
      "fullFile": "cypress\\e2e\\crear_soprte.js",
      "file": "cypress\\e2e\\crear_soprte.js",
      "beforeHooks": [],
      "afterHooks": [],
      "tests": [
        {
          "title": "crear_soporte",
          "fullTitle": "crear_soporte",
          "timedOut": null,
          "duration": 8398,
          "state": "passed",
          "speed": "medium",
          "pass": true,
          "fail": false,
          "pending": false,
          "context": null,
          "code": "/* ==== Generated with Cypress Studio ==== */\ncy.visit('https://v2.psicoalianza.com/');\ncy.get('#email').clear('14251103');\ncy.get('#email').type('14251103');\ncy.get('#password').clear('1');\ncy.get('#password').type('123456789$$');\ncy.get('.btn').click();\n/* ==== End Cypress Studio ==== */\n/* ==== Generated with Cypress Studio ==== */\ncy.get('[href=\"https://v2.psicoalianza.com/soportes\"]').click();\ncy.get('.ps-lg-0 > .btn').should('be.visible');\ncy.get('.ps-lg-0 > .btn').click();\ncy.get('.card-body').should('have.class', 'card-body');\ncy.get('#imagen_usuario-seleccionado').should('have.id', 'imagen_usuario-seleccionado');\n//cy.get('#telefono_usuario').type('122222222222');\n//cy.get('#modal-formulario').click();\ncy.get('#select2-tipo_prueba_id-container').should('have.id', 'select2-tipo_prueba_id-container');\ncy.get('#select2-categoria_id-container').should('have.id', 'select2-categoria_id-container');\ncy.get('#select2-origen_id-container').should('have.id', 'select2-origen_id-container');\n/* ==== End Cypress Studio ==== */\n/* ==== Generated with Cypress Studio ==== */\n// Select the \"Organizacional\" option\n// cy.get('#select2-tipo_prueba_id-container').click();\n//cy.get('.select2-selection--single').should('have.attr', 'aria-expanded', 'true');\n// Verify that the selected option is displayed correctly\n//cy.get('.select2-selection__rendered').should('have.text', 'Organizacional');\n/* ==== Generated with Cypress Studio ==== */\ncy.get('#select2-empresa_id-container').click();\ncy.get('.select2-search__field').clear();\ncy.get('.select2-search__field').type('psi');\ncy.get('#imagen_usuario-seleccionado').should('have.class', 'imagen-usuario-card');\ncy.get('#nombre_usuario-seleccionado').should('have.id', 'nombre_usuario-seleccionado');\n/* ==== End Cypress Studio ==== */",
          "err": {},
          "uuid": "70400275-2f7a-42bd-8c55-fdd1edaab8dc",
          "parentUUID": "19a958ae-ebe6-4fc2-ac40-779fc8110497",
          "isHook": false,
          "skipped": false
        }
      ],
      "suites": [],
      "passes": [
        "70400275-2f7a-42bd-8c55-fdd1edaab8dc"
      ],
      "failures": [],
      "pending": [],
      "skipped": [],
      "duration": 8398,
      "root": true,
      "rootEmpty": false,
      "_timeout": 2000
    }
  ],
  "meta": {
    "mocha": {
      "version": "7.0.1"
    },
    "mochawesome": {
      "options": {
        "quiet": false,
        "reportFilename": "mochawesome",
        "saveHtml": true,
        "saveJson": true,
        "consoleReporter": "spec",
        "useInlineDiffs": false,
        "code": true
      },
      "version": "7.1.3"
    },
    "marge": {
      "options": {
        "id": "default",
        "reportDir": "cypress/reports/mochawesome",
        "overwrite": false,
        "html": true,
        "json": true,
        "timestamp": "mmddyyyy_HHMMss"
      },
      "version": "6.2.0"
    }
  }
}